Время синтаксического анализа и компиляции SQL Server: 
 время ЦП = 0 мс, истекшее время = 0 мс.

 Время работы SQL Server:
   Время ЦП = 0 мс, затраченное время = 0 мс.
Время синтаксического анализа и компиляции SQL Server: 
 время ЦП = 250 мс, истекшее время = 262 мс.

 Время работы SQL Server:
   Время ЦП = 0 мс, затраченное время = 0 мс.

(затронуто строк: 3619)
Таблица "StockItemTransactions". Сканирований 1, логических операций чтения 0, физических операций чтения 0, операций чтения страничного сервера 0, операций чтения, выполненных с упреждением 0, операций чтения страничного сервера, выполненных с упреждением 0, логических операций чтения LOB 29, физических операций чтения LOB 0, операций чтения LOB страничного сервера 0, операций чтения LOB, выполненных с упреждением 0, операций чтения LOB страничного сервера, выполненных с упреждением 0.
Таблица "StockItemTransactions". Считано сегментов 1, пропущено 0.
Таблица "OrderLines". Сканирований 4, логических операций чтения 0, физических операций чтения 0, операций чтения страничного сервера 0, операций чтения, выполненных с упреждением 0, операций чтения страничного сервера, выполненных с упреждением 0, логических операций чтения LOB 331, физических операций чтения LOB 0, операций чтения LOB страничного сервера 0, операций чтения LOB, выполненных с упреждением 0, операций чтения LOB страничного сервера, выполненных с упреждением 0.
Таблица "OrderLines". Считано сегментов 2, пропущено 0.
Таблица "Worktable". Сканирований 0, логических операций чтения 0, физических операций чтения 0, операций чтения страничного сервера 0, операций чтения, выполненных с упреждением 0, операций чтения страничного сервера, выполненных с упреждением 0, логических операций чтения LOB 0, физических операций чтения LOB 0, операций чтения LOB страничного сервера 0, операций чтения LOB, выполненных с упреждением 0, операций чтения LOB страничного сервера, выполненных с упреждением 0.
Таблица "CustomerTransactions". Сканирований 5, логических операций чтения 261, физических операций чтения 0, операций чтения страничного сервера 0, операций чтения, выполненных с упреждением 0, операций чтения страничного сервера, выполненных с упреждением 0, логических операций чтения LOB 0, физических операций чтения LOB 0, операций чтения LOB страничного сервера 0, операций чтения LOB, выполненных с упреждением 0, операций чтения LOB страничного сервера, выполненных с упреждением 0.
Таблица "Orders". Сканирований 2, логических операций чтения 883, физических операций чтения 0, операций чтения страничного сервера 0, операций чтения, выполненных с упреждением 0, операций чтения страничного сервера, выполненных с упреждением 0, логических операций чтения LOB 0, физических операций чтения LOB 0, операций чтения LOB страничного сервера 0, операций чтения LOB, выполненных с упреждением 0, операций чтения LOB страничного сервера, выполненных с упреждением 0.
Таблица "Invoices". Сканирований 1, логических операций чтения 44525, физических операций чтения 0, операций чтения страничного сервера 0, операций чтения, выполненных с упреждением 0, операций чтения страничного сервера, выполненных с упреждением 0, логических операций чтения LOB 0, физических операций чтения LOB 0, операций чтения LOB страничного сервера 0, операций чтения LOB, выполненных с упреждением 0, операций чтения LOB страничного сервера, выполненных с упреждением 0.
Таблица "StockItems". Сканирований 1, логических операций чтения 2, физических операций чтения 0, операций чтения страничного сервера 0, операций чтения, выполненных с упреждением 0, операций чтения страничного сервера, выполненных с упреждением 0, логических операций чтения LOB 0, физических операций чтения LOB 0, операций чтения LOB страничного сервера 0, операций чтения LOB, выполненных с упреждением 0, операций чтения LOB страничного сервера, выполненных с упреждением 0.

(затронута одна строка)

 Время работы SQL Server:
   Время ЦП = 578 мс, затраченное время = 709 мс.

(затронуто строк: 3619)
Таблица "OrderLines". Сканирований 4, логических операций чтения 0, физических операций чтения 0, операций чтения страничного сервера 0, операций чтения, выполненных с упреждением 0, операций чтения страничного сервера, выполненных с упреждением 0, логических операций чтения LOB 331, физических операций чтения LOB 0, операций чтения LOB страничного сервера 0, операций чтения LOB, выполненных с упреждением 0, операций чтения LOB страничного сервера, выполненных с упреждением 0.
Таблица "OrderLines". Считано сегментов 2, пропущено 0.
Таблица "Worktable". Сканирований 0, логических операций чтения 0, физических операций чтения 0, операций чтения страничного сервера 0, операций чтения, выполненных с упреждением 0, операций чтения страничного сервера, выполненных с упреждением 0, логических операций чтения LOB 0, физических операций чтения LOB 0, операций чтения LOB страничного сервера 0, операций чтения LOB, выполненных с упреждением 0, операций чтения LOB страничного сервера, выполненных с упреждением 0.
Таблица "StockItemTransactions". Сканирований 7554, логических операций чтения 53872, физических операций чтения 0, операций чтения страничного сервера 0, операций чтения, выполненных с упреждением 0, операций чтения страничного сервера, выполненных с упреждением 0, логических операций чтения LOB 0, физических операций чтения LOB 0, операций чтения LOB страничного сервера 0, операций чтения LOB, выполненных с упреждением 0, операций чтения LOB страничного сервера, выполненных с упреждением 0.
Таблица "CustomerTransactions". Сканирований 5, логических операций чтения 261, физических операций чтения 0, операций чтения страничного сервера 0, операций чтения, выполненных с упреждением 0, операций чтения страничного сервера, выполненных с упреждением 0, логических операций чтения LOB 0, физических операций чтения LOB 0, операций чтения LOB страничного сервера 0, операций чтения LOB, выполненных с упреждением 0, операций чтения LOB страничного сервера, выполненных с упреждением 0.
Таблица "Orders". Сканирований 2, логических операций чтения 883, физических операций чтения 0, операций чтения страничного сервера 0, операций чтения, выполненных с упреждением 0, операций чтения страничного сервера, выполненных с упреждением 0, логических операций чтения LOB 0, физических операций чтения LOB 0, операций чтения LOB страничного сервера 0, операций чтения LOB, выполненных с упреждением 0, операций чтения LOB страничного сервера, выполненных с упреждением 0.
Таблица "Invoices". Сканирований 1, логических операций чтения 44525, физических операций чтения 0, операций чтения страничного сервера 0, операций чтения, выполненных с упреждением 0, операций чтения страничного сервера, выполненных с упреждением 0, логических операций чтения LOB 0, физических операций чтения LOB 0, операций чтения LOB страничного сервера 0, операций чтения LOB, выполненных с упреждением 0, операций чтения LOB страничного сервера, выполненных с упреждением 0.
Таблица "StockItems". Сканирований 1, логических операций чтения 2, физических операций чтения 0, операций чтения страничного сервера 0, операций чтения, выполненных с упреждением 0, операций чтения страничного сервера, выполненных с упреждением 0, логических операций чтения LOB 0, физических операций чтения LOB 0, операций чтения LOB страничного сервера 0, операций чтения LOB, выполненных с упреждением 0, операций чтения LOB страничного сервера, выполненных с упреждением 0.

(затронута одна строка)

 Время работы SQL Server:
   Время ЦП = 3594 мс, затраченное время = 3584 мс.
Время синтаксического анализа и компиляции SQL Server: 
 время ЦП = 0 мс, истекшее время = 0 мс.

 Время работы SQL Server:
   Время ЦП = 0 мс, затраченное время = 0 мс.

Время выполнения: 2023-03-20T23:47:19.4113074+05:00
